<?xml version="1.0" encoding="UTF-8"?>
<!-- Generated by org.testng.reporters.JUnitReportReporter -->
<testsuite skipped="0" hostname="DESKTOP-6U2ELF0" name="orange.HRM.TestCases.VerifyOrangeHRMLogin" tests="3" failures="0" timestamp="2021-08-25T23:20:04 IST" time="16.721" errors="0">
  <testcase name="VerifyLogout" time="1.782" classname="orange.HRM.TestCases.VerifyOrangeHRMLogin"/>
  <system-out/>
  <testcase name="VerifyValidLogin" time="14.877" classname="orange.HRM.TestCases.VerifyOrangeHRMLogin"/>
  <system-out/>
  <testcase name="VerifyDashboard" time="0.062" classname="orange.HRM.TestCases.VerifyOrangeHRMLogin"/>
  <system-out/>
</testsuite> <!-- orange.HRM.TestCases.VerifyOrangeHRMLogin -->
