<?xml version="1.0" encoding="UTF-8"?>
<!-- Generated by org.testng.reporters.JUnitReportReporter -->
<testsuite hostname="BLRKEC599597L" failures="0" tests="1" name="orange.HRM.TestCases.VerifyOrangeHRM" time="100.520" errors="0" timestamp="2022-08-10T10:20:38 IST" skipped="0">
  <testcase classname="orange.HRM.TestCases.VerifyOrangeHRM" name="VerifyOrangeHRMSearch" time="100.520"/>
  <system-out/>
</testsuite> <!-- orange.HRM.TestCases.VerifyOrangeHRM -->
